#
# A fatal error has been detected by the Java Runtime Environment:
#
#  EXCEPTION_ACCESS_VIOLATION (0xc0000005) at pc=0x000000007763324e, pid=8664, tid=0x00000000000023a8
#
# JRE version: OpenJDK Runtime Environment (8.0_152-b01) (build 1.8.0_152-release-915-b01)
# Java VM: OpenJDK 64-Bit Server VM (25.152-b01 mixed mode windows-amd64 compressed oops)
# Problematic frame:
# C  [ntdll.dll+0x5324e]
#
# Failed to write core dump. Minidumps are not enabled by default on client versions of Windows
#
# If you would like to submit a bug report, please visit:
#   http://bugreport.java.com/bugreport/crash.jsp
#

---------------  T H R E A D  ---------------

Current thread (0x0000000002487000):  GCTaskThread [stack: 0x00000000131f0000,0x00000000132f0000] [id=9128]

siginfo: ExceptionCode=0xc0000005, reading address 0xffffffffffffffff

Registers:
RAX=0x00000000132ef088, RBX=0xe8f989480121c6c0, RCX=0x0000000002550000, RDX=0x0000000000000000
RSP=0x00000000132ef010, RBP=0x0000000000000000, RSI=0x0000000002550000, RDI=0xe8f989480121c6d0
R8 =0xe8f989480121c6d0, R9 =0x000000000247d630, R10=0x000000002986df00, R11=0x000000002986dec0
R12=0x00000000281bb810, R13=0x00000000132ef310, R14=0x0000000000000002, R15=0x0000000000000003
RIP=0x000000007763324e, EFLAGS=0x0000000000010246

Top of Stack: (sp=0x00000000132ef010)
0x00000000132ef010:   0000000002487360 0000000002550000
0x00000000132ef020:   0000000024ea5b20 000000005ec2861a
0x00000000132ef030:   0000000002466f40 0000000002487000
0x00000000132ef040:   000000002f7cdf88 0000000002487000
0x00000000132ef050:   0000000002487360 0000000002487360
0x00000000132ef060:   00000000215a9010 0000000077602398
0x00000000132ef070:   00000000281bb7a0 00000000132ef290
0x00000000132ef080:   000000000000004e 00000000773a307a
0x00000000132ef090:   00000000132ef130 000000002c1c2478
0x00000000132ef0a0:   00000000215a9290 0000000002487360
0x00000000132ef0b0:   000000002c1c2478 0000000064f68d94
0x00000000132ef0c0:   0000000000000003 0000000002400080
0x00000000132ef0d0:   00000000776f5410 0000000002400274
0x00000000132ef0e0:   000000002c1c2478 000000005ec1f631
0x00000000132ef0f0:   0000000000000010 0000000000000010
0x00000000132ef100:   0000000002550298 0000000077633488 

Instructions: (pc=0x000000007763324e)
0x000000007763322e:   82 1c ac 01 00 f6 41 78 01 0f 85 81 aa 01 00 41
0x000000007763323e:   f6 c0 0f 0f 85 4f aa 01 00 49 8d 58 f0 0f 0d 0b
0x000000007763324e:   80 7b 0f 05 0f 84 03 aa 01 00 f6 43 0f 3f 0f 84
0x000000007763325e:   09 aa 01 00 48 85 db 0f 84 cb aa 01 00 80 7f ff 


Register to memory mapping:

RAX=0x00000000132ef088 is an unknown value
RBX=0xe8f989480121c6c0 is an unknown value
RCX=0x0000000002550000 is an unknown value
RDX=0x0000000000000000 is an unknown value
RSP=0x00000000132ef010 is an unknown value
RBP=0x0000000000000000 is an unknown value
RSI=0x0000000002550000 is an unknown value
RDI=0xe8f989480121c6d0 is an unknown value
R8 =0xe8f989480121c6d0 is an unknown value
R9 =0x000000000247d630 is an unknown value
R10=0x000000002986df00 is pointing into metadata
R11=0x000000002986dec0 is pointing into metadata
R12=0x00000000281bb810 is an unknown value
R13=0x00000000132ef310 is an unknown value
R14=0x0000000000000002 is an unknown value
R15=0x0000000000000003 is an unknown value


Stack: [0x00000000131f0000,0x00000000132f0000],  sp=0x00000000132ef010,  free space=1020k
Native frames: (J=compiled Java code, j=interpreted, Vv=VM code, C=native code)

JavaThread 0x0000000025e19800 (nid = 8684) was being processed
Java frames: (J=compiled Java code, j=interpreted, Vv=VM code)
v  ~RuntimeStub::_new_array_Java
J 13244 C2 java.io.WinNTFileSystem.resolve(Ljava/lang/String;Ljava/lang/String;)Ljava/lang/String; (231 bytes) @ 0x0000000002d70404 [0x0000000002d6ff60+0x4a4]
J 20388 C2 java.io.File.<init>(Ljava/io/File;Ljava/lang/String;)V (113 bytes) @ 0x0000000005d95e54 [0x0000000005d95d00+0x154]
J 24753% C1 com.android.builder.files.IncrementalRelativeFileSets.fromZip(Ljava/io/File;Lcom/android/builder/files/FileCacheByPath;Ljava/util/Set;)Lcom/google/common/collect/ImmutableMap; (659 bytes) @ 0x0000000004ee0e9c [0x0000000004edd080+0x3e1c]
j  com.android.builder.files.IncrementalRelativeFileSets.makeFromBaseFiles(Ljava/util/Collection;Ljava/util/Map;Lcom/android/builder/files/FileCacheByPath;Ljava/util/Set;)Lcom/google/common/collect/ImmutableMap;+124
j  com.android.build.gradle.tasks.PackageAndroidArtifact.getChangedInputs(Ljava/util/Map;Lcom/android/build/gradle/tasks/PackageAndroidArtifact$KnownFilesSaveData;Lcom/android/build/gradle/tasks/PackageAndroidArtifact$InputSet;Ljava/util/Collection;Lcom/android/builder/files/FileCacheByPath;Ljava/util/Set;)Lcom/google/common/collect/ImmutableMap;+49
j  com.android.build.gradle.tasks.PackageAndroidArtifact.doIncrementalTaskAction(Ljava/util/Map;)V+89
j  com.android.build.gradle.tasks.PackageApplication.doIncrementalTaskAction(Ljava/util/Map;)V+2
j  com.android.build.gradle.internal.tasks.IncrementalTask.taskAction(Lorg/gradle/api/tasks/incremental/IncrementalTaskInputs;)V+78
v  ~StubRoutines::call_stub
J 1490  sun.reflect.NativeMethodAccessorImpl.invoke0(Ljava/lang/reflect/Method;Ljava/lang/Object;[Ljava/lang/Object;)Ljava/lang/Object; (0 bytes) @ 0x0000000002e1a47f [0x0000000002e1a400+0x7f]
J 12731 C2 sun.reflect.NativeMethodAccessorImpl.invoke(Ljava/lang/Object;[Ljava/lang/Object;)Ljava/lang/Object; (104 bytes) @ 0x00000000038f2714 [0x00000000038f26a0+0x74]
J 24049 C2 org.gradle.internal.reflect.JavaMethod.invoke(Ljava/lang/Object;[Ljava/lang/Object;)Ljava/lang/Object; (74 bytes) @ 0x0000000006524c18 [0x0000000006524b80+0x98]
j  org.gradle.api.internal.project.taskfactory.DefaultTaskClassInfoStore$IncrementalTaskAction.doExecute(Lorg/gradle/api/Task;Ljava/lang/String;)V+35
j  org.gradle.api.internal.project.taskfactory.DefaultTaskClassInfoStore$StandardTaskAction.execute(Lorg/gradle/api/Task;)V+32
j  org.gradle.api.internal.project.taskfactory.DefaultTaskClassInfoStore$StandardTaskAction.execute(Ljava/lang/Object;)V+5
J 22447 C1 org.gradle.api.internal.tasks.execution.ExecuteActionsTaskExecuter$1.run(Lorg/gradle/internal/operations/BuildOperationContext;)V (195 bytes) @ 0x0000000006149bd4 [0x0000000006149820+0x3b4]
J 9543 C1 org.gradle.internal.progress.DefaultBuildOperationExecutor$RunnableBuildOperationWorker.execute(Lorg/gradle/internal/operations/BuildOperation;Lorg/gradle/internal/operations/BuildOperationContext;)V (10 bytes) @ 0x00000000045931a4 [0x0000000004592f40+0x264]
J 8219 C1 org.gradle.internal.progress.DefaultBuildOperationExecutor.execute(Lorg/gradle/internal/operations/BuildOperation;Lorg/gradle/internal/operations/BuildOperationWorker;Lorg/gradle/internal/progress/DefaultBuildOperationExecutor$DefaultBuildOperationState;)V (430 bytes) @ 0x000000000416a8a4 [0x0000000004167f40+0x2964]
J 8759 C1 org.gradle.internal.progress.DefaultBuildOperationExecutor.run(Lorg/gradle/internal/operations/RunnableBuildOperation;)V (38 bytes) @ 0x000000000430a1b4 [0x0000000004309e80+0x334]
J 22443 C1 org.gradle.api.internal.tasks.execution.ExecuteActionsTaskExecuter.executeAction(Ljava/lang/String;Lorg/gradle/api/internal/TaskInternal;Lorg/gradle/api/internal/tasks/ContextAwareTaskAction;Lorg/gradle/api/internal/tasks/TaskExecutionContext;)V (29 bytes) @ 0x0000000002ac39fc [0x0000000002ac3720+0x2dc]
j  org.gradle.api.internal.tasks.execution.ExecuteActionsTaskExecuter.executeActions(Lorg/gradle/api/internal/TaskInternal;Lorg/gradle/api/internal/tasks/TaskStateInternal;Lorg/gradle/api/internal/tasks/TaskExecutionContext;)Lorg/gradle/api/GradleException;+131
J 24365 C1 org.gradle.api.internal.tasks.execution.ExecuteActionsTaskExecuter.execute(Lorg/gradle/api/internal/TaskInternal;Lorg/gradle/api/internal/tasks/TaskStateInternal;Lorg/gradle/api/internal/tasks/TaskExecutionContext;)V (120 bytes) @ 0x000000000663c35c [0x000000000663bac0+0x89c]
J 22641 C1 org.gradle.api.internal.tasks.execution.SkipUpToDateTaskExecuter.execute(Lorg/gradle/api/internal/TaskInternal;Lorg/gradle/api/internal/tasks/TaskStateInternal;Lorg/gradle/api/internal/tasks/TaskExecutionContext;)V (141 bytes) @ 0x00000000061dd0f4 [0x00000000061db3a0+0x1d54]
J 11723 C1 org.gradle.api.internal.tasks.execution.ResolveTaskOutputCachingStateExecuter.execute(Lorg/gradle/api/internal/TaskInternal;Lorg/gradle/api/internal/tasks/TaskStateInternal;Lorg/gradle/api/internal/tasks/TaskExecutionContext;)V (102 bytes) @ 0x0000000004a54414 [0x0000000004a52e00+0x1614]
J 11722 C1 org.gradle.api.internal.tasks.execution.ValidatingTaskExecuter.execute(Lorg/gradle/api/internal/TaskInternal;Lorg/gradle/api/internal/tasks/TaskStateInternal;Lorg/gradle/api/internal/tasks/TaskExecutionContext;)V (221 bytes) @ 0x0000000004a48944 [0x0000000004a45b80+0x2dc4]
J 22431 C1 org.gradle.api.internal.tasks.execution.SkipEmptySourceFilesTaskExecuter.execute(Lorg/gradle/api/internal/TaskInternal;Lorg/gradle/api/internal/tasks/TaskStateInternal;Lorg/gradle/api/internal/tasks/TaskExecutionContext;)V (341 bytes) @ 0x000000000613defc [0x0000000006139360+0x4b9c]
J 11672 C1 org.gradle.api.internal.tasks.execution.ResolveTaskArtifactStateTaskExecuter.execute(Lorg/gradle/api/internal/TaskInternal;Lorg/gradle/api/internal/tasks/TaskStateInternal;Lorg/gradle/api/internal/tasks/TaskExecutionContext;)V (136 bytes) @ 0x0000000004a1bd6c [0x0000000004a1aa60+0x130c]
J 22578 C1 org.gradle.api.internal.tasks.execution.SkipTaskWithNoActionsExecuter.execute(Lorg/gradle/api/internal/TaskInternal;Lorg/gradle/api/internal/tasks/TaskStateInternal;Lorg/gradle/api/internal/tasks/TaskExecutionContext;)V (130 bytes) @ 0x0000000004a40f0c [0x0000000004a3f740+0x17cc]
J 22575 C1 org.gradle.api.internal.tasks.execution.SkipOnlyIfTaskExecuter.execute(Lorg/gradle/api/internal/TaskInternal;Lorg/gradle/api/internal/tasks/TaskStateInternal;Lorg/gradle/api/internal/tasks/TaskExecutionContext;)V (91 bytes) @ 0x00000000061882ac [0x0000000006186ea0+0x140c]
J 22574 C1 org.gradle.api.internal.tasks.execution.ExecuteAtMostOnceTaskExecuter.execute(Lorg/gradle/api/internal/TaskInternal;Lorg/gradle/api/internal/tasks/TaskStateInternal;Lorg/gradle/api/internal/tasks/TaskExecutionContext;)V (62 bytes) @ 0x00000000061743ac [0x0000000006173b40+0x86c]
J 22573 C1 org.gradle.api.internal.tasks.execution.CatchExceptionTaskExecuter.execute(Lorg/gradle/api/internal/TaskInternal;Lorg/gradle/api/internal/tasks/TaskStateInternal;Lorg/gradle/api/internal/tasks/TaskExecutionContext;)V (24 bytes) @ 0x0000000004bf5594 [0x0000000004bf5480+0x114]
J 22459 C1 org.gradle.execution.taskgraph.DefaultTaskGraphExecuter$EventFiringTaskWorker$1.run(Lorg/gradle/internal/operations/BuildOperationContext;)V (135 bytes) @ 0x0000000003962944 [0x0000000003962280+0x6c4]
J 9543 C1 org.gradle.internal.progress.DefaultBuildOperationExecutor$RunnableBuildOperationWorker.execute(Lorg/gradle/internal/operations/BuildOperation;Lorg/gradle/internal/operations/BuildOperationContext;)V (10 bytes) @ 0x00000000045931a4 [0x0000000004592f40+0x264]
J 8219 C1 org.gradle.internal.progress.DefaultBuildOperationExecutor.execute(Lorg/gradle/internal/operations/BuildOperation;Lorg/gradle/internal/operations/BuildOperationWorker;Lorg/gradle/internal/progress/DefaultBuildOperationExecutor$DefaultBuildOperationState;)V (430 bytes) @ 0x000000000416a8a4 [0x0000000004167f40+0x2964]
J 8759 C1 org.gradle.internal.progress.DefaultBuildOperationExecutor.run(Lorg/gradle/internal/operations/RunnableBuildOperation;)V (38 bytes) @ 0x000000000430a1b4 [0x0000000004309e80+0x334]
J 22370 C1 org.gradle.execution.taskgraph.DefaultTaskGraphExecuter$EventFiringTaskWorker.execute(Ljava/lang/Object;)V (9 bytes) @ 0x00000000060d9f64 [0x00000000060d9c20+0x344]
J 22369 C1 org.gradle.execution.taskgraph.DefaultTaskPlanExecutor$TaskExecutorWorker.processTask(Lorg/gradle/execution/taskgraph/TaskInfo;)V (59 bytes) @ 0x00000000060db07c [0x00000000060daec0+0x1bc]
J 22366 C1 org.gradle.execution.taskgraph.DefaultTaskPlanExecutor$TaskExecutorWorker$1.execute(Lorg/gradle/execution/taskgraph/TaskInfo;)V (103 bytes) @ 0x00000000060dff7c [0x00000000060defc0+0xfbc]
J 22365 C1 org.gradle.execution.taskgraph.DefaultTaskPlanExecutor$TaskExecutorWorker$1.execute(Ljava/lang/Object;)V (9 bytes) @ 0x00000000060d822c [0x00000000060d80c0+0x16c]
J 10342 C1 org.gradle.execution.taskgraph.DefaultTaskExecutionPlan.execute(Lorg/gradle/execution/taskgraph/TaskInfo;Lorg/gradle/internal/work/WorkerLeaseRegistry$WorkerLease;Lorg/gradle/api/Action;)V (86 bytes) @ 0x00000000045aa814 [0x00000000045aa5c0+0x254]
J 16392 C1 org.gradle.execution.taskgraph.DefaultTaskExecutionPlan.executeWithTask(Lorg/gradle/internal/work/WorkerLeaseRegistry$WorkerLease;Lorg/gradle/api/Action;)Z (62 bytes) @ 0x0000000002c9c78c [0x0000000002c9c220+0x56c]
j  org.gradle.execution.taskgraph.DefaultTaskPlanExecutor$TaskExecutorWorker.run()V+52
j  org.gradle.execution.taskgraph.DefaultTaskPlanExecutor.process(Lorg/gradle/execution/taskgraph/TaskExecutionPlan;Lorg/gradle/api/Action;)V+67
j  org.gradle.execution.taskgraph.DefaultTaskGraphExecuter.execute()V+61
j  org.gradle.execution.SelectedTaskExecutionAction.execute(Lorg/gradle/execution/BuildExecutionContext;)V+55
j  org.gradle.execution.DefaultBuildExecuter.execute(Lorg/gradle/api/internal/GradleInternal;I)V+37
j  org.gradle.execution.DefaultBuildExecuter.access$000(Lorg/gradle/execution/DefaultBuildExecuter;Lorg/gradle/api/internal/GradleInternal;I)V+3
j  org.gradle.execution.DefaultBuildExecuter$1.proceed()V+14
j  org.gradle.execution.DryRunBuildExecutionAction.execute(Lorg/gradle/execution/BuildExecutionContext;)V+121
j  org.gradle.execution.DefaultBuildExecuter.execute(Lorg/gradle/api/internal/GradleInternal;I)V+37
j  org.gradle.execution.DefaultBuildExecuter.execute(Lorg/gradle/api/internal/GradleInternal;)V+3
j  org.gradle.initialization.DefaultGradleLauncher$ExecuteTasks.run(Lorg/gradle/internal/operations/BuildOperationContext;)V+55
J 9543 C1 org.gradle.internal.progress.DefaultBuildOperationExecutor$RunnableBuildOperationWorker.execute(Lorg/gradle/internal/operations/BuildOperation;Lorg/gradle/internal/operations/BuildOperationContext;)V (10 bytes) @ 0x00000000045931a4 [0x0000000004592f40+0x264]
J 8219 C1 org.gradle.internal.progress.DefaultBuildOperationExecutor.execute(Lorg/gradle/internal/operations/BuildOperation;Lorg/gradle/internal/operations/BuildOperationWorker;Lorg/gradle/internal/progress/DefaultBuildOperationExecutor$DefaultBuildOperationState;)V (430 bytes) @ 0x000000000416a8a4 [0x0000000004167f40+0x2964]
J 8759 C1 org.gradle.internal.progress.DefaultBuildOperationExecutor.run(Lorg/gradle/internal/operations/RunnableBuildOperation;)V (38 bytes) @ 0x000000000430a1b4 [0x0000000004309e80+0x334]
j  org.gradle.initialization.DefaultGradleLauncher.runTasks()V+53
j  org.gradle.initialization.DefaultGradleLauncher.doBuildStages(Lorg/gradle/initialization/DefaultGradleLauncher$Stage;)V+37
j  org.gradle.initialization.DefaultGradleLauncher.executeTasks()Lorg/gradle/api/internal/GradleInternal;+4
j  org.gradle.internal.invocation.GradleBuildController$1.call()Lorg/gradle/api/internal/GradleInternal;+7
j  org.gradle.internal.invocation.GradleBuildController$1.call()Ljava/lang/Object;+1
j  org.gradle.internal.work.DefaultWorkerLeaseService.withLocks(Ljava/lang/Iterable;Ljava/util/concurrent/Callable;)Ljava/lang/Object;+15
j  org.gradle.internal.invocation.GradleBuildController.doBuild(Ljava/util/concurrent/Callable;)Lorg/gradle/api/internal/GradleInternal;+52
j  org.gradle.internal.invocation.GradleBuildController.run()Lorg/gradle/api/internal/GradleInternal;+9
j  org.gradle.tooling.internal.provider.runner.ClientProvidedBuildActionRunner.run(Lorg/gradle/internal/invocation/BuildAction;Lorg/gradle/internal/invocation/BuildController;)V+80
j  org.gradle.launcher.exec.ChainingBuildActionRunner.run(Lorg/gradle/internal/invocation/BuildAction;Lorg/gradle/internal/invocation/BuildController;)V+34
j  org.gradle.launcher.exec.ChainingBuildActionRunner.run(Lorg/gradle/internal/invocation/BuildAction;Lorg/gradle/internal/invocation/BuildController;)V+34
j  org.gradle.tooling.internal.provider.ValidatingBuildActionRunner.run(Lorg/gradle/internal/invocation/BuildAction;Lorg/gradle/internal/invocation/BuildController;)V+6
j  org.gradle.launcher.exec.RunAsBuildOperationBuildActionRunner$1.run(Lorg/gradle/internal/operations/BuildOperationContext;)V+15
J 9543 C1 org.gradle.internal.progress.DefaultBuildOperationExecutor$RunnableBuildOperationWorker.execute(Lorg/gradle/internal/operations/BuildOperation;Lorg/gradle/internal/operations/BuildOperationContext;)V (10 bytes) @ 0x00000000045931a4 [0x0000000004592f40+0x264]
J 8219 C1 org.gradle.internal.progress.DefaultBuildOperationExecutor.execute(Lorg/gradle/internal/operations/BuildOperation;Lorg/gradle/internal/operations/BuildOperationWorker;Lorg/gradle/internal/progress/DefaultBuildOperationExecutor$DefaultBuildOperationState;)V (430 bytes) @ 0x000000000416a8a4 [0x0000000004167f40+0x2964]
J 8759 C1 org.gradle.internal.progress.DefaultBuildOperationExecutor.run(Lorg/gradle/internal/operations/RunnableBuildOperation;)V (38 bytes) @ 0x000000000430a1b4 [0x0000000004309e80+0x334]
j  org.gradle.launcher.exec.RunAsBuildOperationBuildActionRunner.run(Lorg/gradle/internal/invocation/BuildAction;Lorg/gradle/internal/invocation/BuildController;)V+34
j  org.gradle.tooling.internal.provider.SubscribableBuildActionRunner.run(Lorg/gradle/internal/invocation/BuildAction;Lorg/gradle/internal/invocation/BuildController;)V+40
j  org.gradle.launcher.exec.InProcessBuildActionExecuter.execute(Lorg/gradle/internal/invocation/BuildAction;Lorg/gradle/initialization/BuildRequestContext;Lorg/gradle/launcher/exec/BuildActionParameters;Lorg/gradle/internal/service/ServiceRegistry;)Ljava/lang/Object;+71
j  org.gradle.launcher.exec.InProcessBuildActionExecuter.execute(Lorg/gradle/internal/invocation/BuildAction;Lorg/gradle/initialization/BuildRequestContext;Ljava/lang/Object;Lorg/gradle/internal/service/ServiceRegistry;)Ljava/lang/Object;+9
j  org.gradle.launcher.exec.BuildTreeScopeBuildActionExecuter.execute(Lorg/gradle/internal/invocation/BuildAction;Lorg/gradle/initialization/BuildRequestContext;Lorg/gradle/launcher/exec/BuildActionParameters;Lorg/gradle/internal/service/ServiceRegistry;)Ljava/lang/Object;+41
j  org.gradle.launcher.exec.BuildTreeScopeBuildActionExecuter.execute(Lorg/gradle/internal/invocation/BuildAction;Lorg/gradle/initialization/BuildRequestContext;Ljava/lang/Object;Lorg/gradle/internal/service/ServiceRegistry;)Ljava/lang/Object;+9
j  org.gradle.tooling.internal.provider.ContinuousBuildActionExecuter.execute(Lorg/gradle/internal/invocation/BuildAction;Lorg/gradle/initialization/BuildRequestContext;Lorg/gradle/launcher/exec/BuildActionParameters;Lorg/gradle/internal/service/ServiceRegistry;)Ljava/lang/Object;+28
j  org.gradle.tooling.internal.provider.ContinuousBuildActionExecuter.execute(Lorg/gradle/internal/invocation/BuildAction;Lorg/gradle/initialization/BuildRequestContext;Ljava/lang/Object;Lorg/gradle/internal/service/ServiceRegistry;)Ljava/lang/Object;+9
j  org.gradle.tooling.internal.provider.ServicesSetupBuildActionExecuter.execute(Lorg/gradle/internal/invocation/BuildAction;Lorg/gradle/initialization/BuildRequestContext;Lorg/gradle/launcher/exec/BuildActionParameters;Lorg/gradle/internal/service/ServiceRegistry;)Ljava/lang/Object;+85
j  org.gradle.tooling.internal.provider.ServicesSetupBuildActionExecuter.execute(Lorg/gradle/internal/invocation/BuildAction;Lorg/gradle/initialization/BuildRequestContext;Ljava/lang/Object;Lorg/gradle/internal/service/ServiceRegistry;)Ljava/lang/Object;+9
j  org.gradle.tooling.internal.provider.GradleThreadBuildActionExecuter.execute(Lorg/gradle/internal/invocation/BuildAction;Lorg/gradle/initialization/BuildRequestContext;Lorg/gradle/launcher/exec/BuildActionParameters;Lorg/gradle/internal/service/ServiceRegistry;)Ljava/lang/Object;+12
j  org.gradle.tooling.internal.provider.GradleThreadBuildActionExecuter.execute(Lorg/gradle/internal/invocation/BuildAction;Lorg/gradle/initialization/BuildRequestContext;Ljava/lang/Object;Lorg/gradle/internal/service/ServiceRegistry;)Ljava/lang/Object;+9
j  org.gradle.tooling.internal.provider.ParallelismConfigurationBuildActionExecuter.execute(Lorg/gradle/internal/invocation/BuildAction;Lorg/gradle/initialization/BuildRequestContext;Lorg/gradle/launcher/exec/BuildActionParameters;Lorg/gradle/internal/service/ServiceRegistry;)Ljava/lang/Object;+43
j  org.gradle.tooling.internal.provider.ParallelismConfigurationBuildActionExecuter.execute(Lorg/gradle/internal/invocation/BuildAction;Lorg/gradle/initialization/BuildRequestContext;Ljava/lang/Object;Lorg/gradle/internal/service/ServiceRegistry;)Ljava/lang/Object;+9
j  org.gradle.tooling.internal.provider.StartParamsValidatingActionExecuter.execute(Lorg/gradle/internal/invocation/BuildAction;Lorg/gradle/initialization/BuildRequestContext;Lorg/gradle/launcher/exec/BuildActionParameters;Lorg/gradle/internal/service/ServiceRegistry;)Ljava/lang/Object;+257
j  org.gradle.tooling.internal.provider.StartParamsValidatingActionExecuter.execute(Lorg/gradle/internal/invocation/BuildAction;Lorg/gradle/initialization/BuildRequestContext;Ljava/lang/Object;Lorg/gradle/internal/service/ServiceRegistry;)Ljava/lang/Object;+9
j  org.gradle.tooling.internal.provider.SessionFailureReportingActionExecuter.execute(Lorg/gradle/internal/invocation/BuildAction;Lorg/gradle/initialization/BuildRequestContext;Lorg/gradle/launcher/exec/BuildActionParameters;Lorg/gradle/internal/service/ServiceRegistry;)Ljava/lang/Object;+9
j  org.gradle.tooling.internal.provider.SessionFailureReportingActionExecuter.execute(Lorg/gradle/internal/invocation/BuildAction;Lorg/gradle/initialization/BuildRequestContext;Ljava/lang/Object;Lorg/gradle/internal/service/ServiceRegistry;)Ljava/lang/Object;+9
j  org.gradle.tooling.internal.provider.SetupLoggingActionExecuter.execute(Lorg/gradle/internal/invocation/BuildAction;Lorg/gradle/initialization/BuildRequestContext;Lorg/gradle/launcher/exec/BuildActionParameters;Lorg/gradle/internal/service/ServiceRegistry;)Ljava/lang/Object;+69
j  org.gradle.tooling.internal.provider.SetupLoggingActionExecuter.execute(Lorg/gradle/internal/invocation/BuildAction;Lorg/gradle/initialization/BuildRequestContext;Ljava/lang/Object;Lorg/gradle/internal/service/ServiceRegistry;)Ljava/lang/Object;+9
j  org.gradle.launcher.daemon.server.exec.ExecuteBuild.doBuild(Lorg/gradle/launcher/daemon/server/api/DaemonCommandExecution;Lorg/gradle/launcher/daemon/protocol/Build;)V+114
j  org.gradle.launcher.daemon.server.exec.BuildCommandOnly.execute(Lorg/gradle/launcher/daemon/server/api/DaemonCommandExecution;)V+49
j  org.gradle.launcher.daemon.server.api.DaemonCommandExecution.proceed()Z+28
j  org.gradle.launcher.daemon.server.exec.WatchForDisconnection.execute(Lorg/gradle/launcher/daemon/server/api/DaemonCommandExecution;)V+19
j  org.gradle.launcher.daemon.server.api.DaemonCommandExecution.proceed()Z+28
j  org.gradle.launcher.daemon.server.exec.ResetDeprecationLogger.execute(Lorg/gradle/launcher/daemon/server/api/DaemonCommandExecution;)V+4
j  org.gradle.launcher.daemon.server.api.DaemonCommandExecution.proceed()Z+28
j  org.gradle.launcher.daemon.server.exec.RequestStopIfSingleUsedDaemon.execute(Lorg/gradle/launcher/daemon/server/api/DaemonCommandExecution;)V+33
j  org.gradle.launcher.daemon.server.api.DaemonCommandExecution.proceed()Z+28
j  org.gradle.launcher.daemon.server.exec.ForwardClientInput$2.call()Ljava/lang/Void;+4
j  org.gradle.launcher.daemon.server.exec.ForwardClientInput$2.call()Ljava/lang/Object;+1
j  org.gradle.util.Swapper.swap(Ljava/lang/Object;Ljava/util/concurrent/Callable;)Ljava/lang/Object;+21
j  org.gradle.launcher.daemon.server.exec.ForwardClientInput.execute(Lorg/gradle/launcher/daemon/server/api/DaemonCommandExecution;)V+63
j  org.gradle.launcher.daemon.server.api.DaemonCommandExecution.proceed()Z+28
j  org.gradle.launcher.daemon.server.exec.LogAndCheckHealth.execute(Lorg/gradle/launcher/daemon/server/api/DaemonCommandExecution;)V+28
j  org.gradle.launcher.daemon.server.api.DaemonCommandExecution.proceed()Z+28
j  org.gradle.launcher.daemon.server.exec.LogToClient.doBuild(Lorg/gradle/launcher/daemon/server/api/DaemonCommandExecution;Lorg/gradle/launcher/daemon/protocol/Build;)V+87
j  org.gradle.launcher.daemon.server.exec.BuildCommandOnly.execute(Lorg/gradle/launcher/daemon/server/api/DaemonCommandExecution;)V+49
j  org.gradle.launcher.daemon.server.api.DaemonCommandExecution.proceed()Z+28
j  org.gradle.launcher.daemon.server.exec.EstablishBuildEnvironment.doBuild(Lorg/gradle/launcher/daemon/server/api/DaemonCommandExecution;Lorg/gradle/launcher/daemon/protocol/Build;)V+365
j  org.gradle.launcher.daemon.server.exec.BuildCommandOnly.execute(Lorg/gradle/launcher/daemon/server/api/DaemonCommandExecution;)V+49
j  org.gradle.launcher.daemon.server.api.DaemonCommandExecution.proceed()Z+28
j  org.gradle.launcher.daemon.server.exec.StartBuildOrRespondWithBusy$1.run()V+44
j  org.gradle.launcher.daemon.server.DaemonStateCoordinator$1.run()V+4
J 12549 C2 org.gradle.internal.concurrent.ExecutorPolicy$CatchAndRecordFailures.onExecute(Ljava/lang/Runnable;)V (29 bytes) @ 0x0000000004e08994 [0x0000000004e08360+0x634]
j  org.gradle.internal.concurrent.ManagedExecutorImpl$1.run()V+25
j  java.util.concurrent.ThreadPoolExecutor.runWorker(Ljava/util/concurrent/ThreadPoolExecutor$Worker;)V+95
j  java.util.concurrent.ThreadPoolExecutor$Worker.run()V+5
j  org.gradle.internal.concurrent.ThreadFactoryImpl$ManagedThreadRunnable.run()V+7
j  java.lang.Thread.run()V+11
v  ~StubRoutines::call_stub

---------------  P R O C E S S  ---------------

Java Threads: ( => current thread )
  0x0000000024976800 JavaThread "pool-5-thread-3" [_thread_blocked, id=5880, stack(0x0000000022680000,0x0000000022780000)]
  0x000000002c1f8000 JavaThread "Cache worker for Java compile cache (E:\androidStudioDevelop\D6\d61.3.1n\.gradle\4.1\javaCompile)" [_thread_blocked, id=7864, stack(0x00000000313a0000,0x00000000314a0000)]
  0x000000002c1f3800 JavaThread "Task worker for ':' Thread 7" [_thread_blocked, id=10152, stack(0x000000002fc60000,0x000000002fd60000)]
  0x000000002c1f3000 JavaThread "Task worker for ':' Thread 6" [_thread_blocked, id=7824, stack(0x000000002fb50000,0x000000002fc50000)]
  0x000000002c1f4800 JavaThread "Task worker for ':' Thread 5" [_thread_blocked, id=11540, stack(0x000000002f9c0000,0x000000002fac0000)]
  0x000000001f7ed800 JavaThread "Task worker for ':' Thread 4" [_thread_blocked, id=10100, stack(0x00000000294f0000,0x00000000295f0000)]
  0x000000001f7e7800 JavaThread "Task worker for ':' Thread 3" [_thread_blocked, id=11508, stack(0x000000002eb30000,0x000000002ec30000)]
  0x000000001f7e3000 JavaThread "Task worker for ':' Thread 2" [_thread_blocked, id=7248, stack(0x000000002e900000,0x000000002ea00000)]
  0x000000001f7ed000 JavaThread "Task worker for ':'" [_thread_blocked, id=7496, stack(0x0000000028fb0000,0x00000000290b0000)]
  0x000000001f7e5800 JavaThread "Cache worker for task history cache (E:\androidStudioDevelop\D6\d61.3.1n\.gradle\4.1\taskHistory)" [_thread_blocked, id=8372, stack(0x0000000029120000,0x0000000029220000)]
  0x000000001f7e4800 JavaThread "Cache worker for file content cache (E:\androidStudioDevelop\D6\d61.3.1n\.gradle\4.1\fileContent)" [_thread_blocked, id=7552, stack(0x0000000028e70000,0x0000000028f70000)]
  0x000000001f7e8800 JavaThread "build operations Thread 8" [_thread_blocked, id=11644, stack(0x000000002d480000,0x000000002d580000)]
  0x000000001f7e1800 JavaThread "build operations Thread 7" [_thread_blocked, id=10652, stack(0x000000002e3f0000,0x000000002e4f0000)]
  0x000000001f7e6000 JavaThread "build operations Thread 6" [_thread_blocked, id=8600, stack(0x000000002a940000,0x000000002aa40000)]
  0x000000002497c000 JavaThread "build operations Thread 5" [_thread_blocked, id=9476, stack(0x0000000022ba0000,0x0000000022ca0000)]
  0x000000002497b000 JavaThread "build operations Thread 4" [_thread_blocked, id=11892, stack(0x000000002d2c0000,0x000000002d3c0000)]
  0x000000002497a800 JavaThread "build operations Thread 3" [_thread_blocked, id=6844, stack(0x000000002a5d0000,0x000000002a6d0000)]
  0x0000000024979800 JavaThread "build operations Thread 2" [_thread_blocked, id=5796, stack(0x0000000029280000,0x0000000029380000)]
  0x0000000024979000 JavaThread "build operations" [_thread_blocked, id=6628, stack(0x00000000293c0000,0x00000000294c0000)]
  0x0000000024978000 JavaThread "Cache worker for Artifact transforms cache (C:\Users\Administrator\.gradle\caches\transforms-1)" [_thread_blocked, id=10520, stack(0x0000000028ce0000,0x0000000028de0000)]
  0x0000000024977800 JavaThread "Cache worker for file hash cache (E:\androidStudioDevelop\D6\d61.3.1n\.gradle\4.1\fileHashes)" [_thread_blocked, id=6664, stack(0x0000000026db0000,0x0000000026eb0000)]
  0x0000000024976000 JavaThread "Asynchronous log dispatcher for DefaultDaemonConnection: socket connection from /127.0.0.1:61667 to /127.0.0.1:61949" [_thread_blocked, id=3580, stack(0x0000000028b50000,0x0000000028c50000)]
  0x0000000025e19800 JavaThread "Daemon worker Thread 3" [_thread_blocked, id=8684, stack(0x00000000289f0000,0x0000000028af0000)]
  0x0000000025e18800 JavaThread "Cancel handler" [_thread_blocked, id=10864, stack(0x0000000022e40000,0x0000000022f40000)]
  0x0000000025e17000 JavaThread "Handler for socket connection from /127.0.0.1:61667 to /127.0.0.1:61949" [_thread_in_native, id=10696, stack(0x0000000023490000,0x0000000023590000)]
  0x0000000025e13800 JavaThread "Daemon Thread 3" [_thread_blocked, id=10728, stack(0x0000000022a90000,0x0000000022b90000)]
  0x0000000025e14000 JavaThread "RMI TCP Connection(idle)" daemon [_thread_blocked, id=7852, stack(0x0000000022580000,0x0000000022680000)]
  0x0000000025e16800 JavaThread "pool-5-thread-2" [_thread_blocked, id=3096, stack(0x000000002fda0000,0x000000002fea0000)]
  0x0000000020c5c800 JavaThread "pool-5-thread-1" [_thread_blocked, id=12008, stack(0x0000000022cb0000,0x0000000022db0000)]
  0x000000002bde6000 JavaThread "Tasks limiter_4" daemon [_thread_blocked, id=12044, stack(0x000000002f480000,0x000000002f580000)]
  0x000000002bde5000 JavaThread "Tasks limiter_3" daemon [_thread_blocked, id=11868, stack(0x000000002ec80000,0x000000002ed80000)]
  0x000000001f7eb800 JavaThread "Tasks limiter_2" daemon [_thread_blocked, id=10384, stack(0x000000002ef40000,0x000000002f040000)]
  0x000000001f7de800 JavaThread "Tasks limiter_1" daemon [_thread_blocked, id=4008, stack(0x000000002f380000,0x000000002f480000)]
  0x0000000028156800 JavaThread "RMI Reaper" [_thread_blocked, id=9392, stack(0x000000002e740000,0x000000002e840000)]
  0x0000000028155800 JavaThread "RMI TCP Accept-0" daemon [_thread_in_native, id=7284, stack(0x000000002ea20000,0x000000002eb20000)]
  0x0000000028155000 JavaThread "GC Daemon" daemon [_thread_blocked, id=12260, stack(0x000000002edd0000,0x000000002eed0000)]
  0x0000000028153800 JavaThread "RMI Scheduler(0)" daemon [_thread_blocked, id=9624, stack(0x000000002e2e0000,0x000000002e3e0000)]
  0x000000001f7ea000 JavaThread "Memory manager" [_thread_blocked, id=12128, stack(0x0000000029600000,0x0000000029700000)]
  0x000000002060b800 JavaThread "File lock request listener" [_thread_in_native, id=8160, stack(0x0000000023370000,0x0000000023470000)]
  0x0000000020617000 JavaThread "Cache worker for file hash cache (C:\Users\Administrator\.gradle\caches\4.1\fileHashes)" [_thread_blocked, id=7332, stack(0x0000000022f80000,0x0000000023080000)]
  0x00000000202b8000 JavaThread "Daemon periodic checks" [_thread_blocked, id=11268, stack(0x00000000223e0000,0x00000000224e0000)]
  0x0000000020bda800 JavaThread "Incoming local TCP Connector on port 61667" [_thread_in_native, id=9948, stack(0x0000000022280000,0x0000000022380000)]
  0x000000001d769000 JavaThread "Service Thread" daemon [_thread_blocked, id=1392, stack(0x000000001ed40000,0x000000001ee40000)]
  0x000000001d6df800 JavaThread "C1 CompilerThread3" daemon [_thread_blocked, id=9464, stack(0x000000001f1e0000,0x000000001f2e0000)]
  0x000000001d6d6800 JavaThread "C2 CompilerThread2" daemon [_thread_blocked, id=8180, stack(0x000000001eff0000,0x000000001f0f0000)]
  0x000000001d6cc000 JavaThread "C2 CompilerThread1" daemon [_thread_blocked, id=12160, stack(0x000000001ee80000,0x000000001ef80000)]
  0x000000001d6c2000 JavaThread "C2 CompilerThread0" daemon [_thread_blocked, id=9116, stack(0x000000001e8a0000,0x000000001e9a0000)]
  0x000000001d6af800 JavaThread "Attach Listener" daemon [_thread_blocked, id=7860, stack(0x000000001ec00000,0x000000001ed00000)]
  0x000000001d699800 JavaThread "Signal Dispatcher" daemon [_thread_blocked, id=5824, stack(0x000000001ead0000,0x000000001ebd0000)]
  0x000000001c4dd000 JavaThread "Finalizer" daemon [_thread_blocked, id=8148, stack(0x000000001e9b0000,0x000000001eab0000)]
  0x000000001c4d6800 JavaThread "Reference Handler" daemon [_thread_blocked, id=1020, stack(0x000000001e790000,0x000000001e890000)]
  0x0000000002468000 JavaThread "main" [_thread_blocked, id=8640, stack(0x0000000002810000,0x0000000002910000)]

Other Threads:
  0x000000001d652000 VMThread [stack: 0x000000001e640000,0x000000001e740000] [id=6620]
  0x000000001d729800 WatcherThread [stack: 0x000000001f3d0000,0x000000001f4d0000] [id=10688]

=>0x0000000002487000 (exited) GCTaskThread [stack: 0x00000000131f0000,0x00000000132f0000] [id=9128]

VM state:at safepoint (normal execution)

VM Mutex/Monitor currently owned by a thread:  ([mutex/lock_event])
[0x000000000255d930] Threads_lock - owner thread: 0x000000001d652000
[0x000000000255de30] Heap_lock - owner thread: 0x0000000025e19800

Heap:
 PSYoungGen      total 931840K, used 555736K [0x000000076ab00000, 0x00000007c0000000, 0x00000007c0000000)
  eden space 465920K, 100% used [0x000000076ab00000,0x0000000787200000,0x0000000787200000)
  from space 465920K, 19% used [0x00000007a3900000,0x00000007a90b61c0,0x00000007c0000000)
  to   space 465920K, 14% used [0x0000000787200000,0x000000078b44c2f0,0x00000007a3900000)
 ParOldGen       total 1733120K, used 1411657K [0x00000006c0000000, 0x0000000729c80000, 0x000000076ab00000)
  object space 1733120K, 81% used [0x00000006c0000000,0x0000000716292500,0x0000000729c80000)
 Metaspace       used 86080K, capacity 91295K, committed 91520K, reserved 1128448K
  class space    used 10758K, capacity 11819K, committed 11904K, reserved 1048576K

Card table byte_map: [0x0000000011cd0000,0x00000000124e0000] byte_map_base: 0x000000000e6d0000

Marking Bits: (ParMarkBitMap*) 0x000000005f343950
 Begin Bits: [0x00000000132f0000, 0x00000000172f0000)
 End Bits:   [0x00000000172f0000, 0x000000001b2f0000)

Polling page: 0x0000000000230000

CodeCache: size=245760Kb used=63216Kb max_used=63377Kb free=182543Kb
 bounds [0x0000000002910000, 0x0000000006750000, 0x0000000011910000]
 total_blobs=18420 nmethods=17558 adapters=772
 compilation: enabled

Compilation events (10 events):
Event: 703.626 Thread 0x000000001d6cc000 24750 % !   4       com.android.apkzlib.zip.CentralDirectory::makeFromData @ 33 (105 bytes)
Event: 703.640 Thread 0x000000001d6cc000 nmethod 24750% 0x0000000003d47710 code [0x0000000003d47860, 0x0000000003d47a28]
Event: 706.356 Thread 0x000000001d6d6800 24751   !   4       com.android.apkzlib.zip.CentralDirectory::makeFromData (105 bytes)
Event: 706.363 Thread 0x000000001d6d6800 nmethod 24751 0x0000000003527f50 code [0x00000000035280c0, 0x00000000035283d8]
Event: 706.628 Thread 0x000000001d6c2000 24752 %     4       com.android.apkzlib.zip.ZFile::readData @ 102 (283 bytes)
Event: 706.673 Thread 0x000000001d6c2000 nmethod 24752% 0x0000000004eecf50 code [0x0000000004eed220, 0x0000000004eeea48]
Event: 706.967 Thread 0x000000001d6df800 24753 % !   3       com.android.builder.files.IncrementalRelativeFileSets::fromZip @ 327 (659 bytes)
Event: 706.974 Thread 0x000000001d6df800 nmethod 24753% 0x0000000004edc410 code [0x0000000004edd080, 0x0000000004ee5978]
Event: 707.015 Thread 0x000000001d6df800 24754   !   3       com.android.builder.files.IncrementalRelativeFileSets::fromZip (659 bytes)
Event: 707.022 Thread 0x000000001d6df800 nmethod 24754 0x0000000004eca910 code [0x0000000004ecb620, 0x0000000004ed4268]

GC Heap History (10 events):
Event: 687.789 GC heap after
Heap after GC invocations=117 (full 12):
 PSYoungGen      total 931840K, used 143498K [0x000000076ab00000, 0x00000007c0000000, 0x00000007c0000000)
  eden space 465920K, 0% used [0x000000076ab00000,0x000000076ab00000,0x0000000787200000)
  from space 465920K, 30% used [0x0000000787200000,0x000000078fe22a60,0x00000007a3900000)
  to   space 465920K, 0% used [0x00000007a3900000,0x00000007a3900000,0x00000007c0000000)
 ParOldGen       total 1168384K, used 1088328K [0x00000006c0000000, 0x0000000707500000, 0x000000076ab00000)
  object space 1168384K, 93% used [0x00000006c0000000,0x00000007026d20f8,0x0000000707500000)
 Metaspace       used 86050K, capacity 91225K, committed 91520K, reserved 1128448K
  class space    used 10757K, capacity 11818K, committed 11904K, reserved 1048576K
}
Event: 687.789 GC heap before
{Heap before GC invocations=118 (full 13):
 PSYoungGen      total 931840K, used 143498K [0x000000076ab00000, 0x00000007c0000000, 0x00000007c0000000)
  eden space 465920K, 0% used [0x000000076ab00000,0x000000076ab00000,0x0000000787200000)
  from space 465920K, 30% used [0x0000000787200000,0x000000078fe22a60,0x00000007a3900000)
  to   space 465920K, 0% used [0x00000007a3900000,0x00000007a3900000,0x00000007c0000000)
 ParOldGen       total 1168384K, used 1088328K [0x00000006c0000000, 0x0000000707500000, 0x000000076ab00000)
  object space 1168384K, 93% used [0x00000006c0000000,0x00000007026d20f8,0x0000000707500000)
 Metaspace       used 86050K, capacity 91225K, committed 91520K, reserved 1128448K
  class space    used 10757K, capacity 11818K, committed 11904K, reserved 1048576K
Event: 695.344 GC heap after
Heap after GC invocations=118 (full 13):
 PSYoungGen      total 931840K, used 42248K [0x000000076ab00000, 0x00000007c0000000, 0x00000007c0000000)
  eden space 465920K, 0% used [0x000000076ab00000,0x000000076ab00000,0x0000000787200000)
  from space 465920K, 9% used [0x0000000787200000,0x0000000789b42300,0x00000007a3900000)
  to   space 465920K, 0% used [0x00000007a3900000,0x00000007a3900000,0x00000007c0000000)
 ParOldGen       total 1733120K, used 1167959K [0x00000006c0000000, 0x0000000729c80000, 0x000000076ab00000)
  object space 1733120K, 67% used [0x00000006c0000000,0x0000000707495f38,0x0000000729c80000)
 Metaspace       used 86050K, capacity 91225K, committed 91520K, reserved 1128448K
  class space    used 10757K, capacity 11818K, committed 11904K, reserved 1048576K
}
Event: 695.750 GC heap before
{Heap before GC invocations=119 (full 13):
 PSYoungGen      total 931840K, used 508168K [0x000000076ab00000, 0x00000007c0000000, 0x00000007c0000000)
  eden space 465920K, 100% used [0x000000076ab00000,0x0000000787200000,0x0000000787200000)
  from space 465920K, 9% used [0x0000000787200000,0x0000000789b42300,0x00000007a3900000)
  to   space 465920K, 0% used [0x00000007a3900000,0x00000007a3900000,0x00000007c0000000)
 ParOldGen       total 1733120K, used 1167959K [0x00000006c0000000, 0x0000000729c80000, 0x000000076ab00000)
  object space 1733120K, 67% used [0x00000006c0000000,0x0000000707495f38,0x0000000729c80000)
 Metaspace       used 86052K, capacity 91225K, committed 91520K, reserved 1128448K
  class space    used 10757K, capacity 11818K, committed 11904K, reserved 1048576K
Event: 696.127 GC heap after
Heap after GC invocations=119 (full 13):
 PSYoungGen      total 931840K, used 72917K [0x000000076ab00000, 0x00000007c0000000, 0x00000007c0000000)
  eden space 465920K, 0% used [0x000000076ab00000,0x000000076ab00000,0x0000000787200000)
  from space 465920K, 15% used [0x00000007a3900000,0x00000007a8035508,0x00000007c0000000)
  to   space 465920K, 0% used [0x0000000787200000,0x0000000787200000,0x00000007a3900000)
 ParOldGen       total 1733120K, used 1208152K [0x00000006c0000000, 0x0000000729c80000, 0x000000076ab00000)
  object space 1733120K, 69% used [0x00000006c0000000,0x0000000709bd6188,0x0000000729c80000)
 Metaspace       used 86052K, capacity 91225K, committed 91520K, reserved 1128448K
  class space    used 10757K, capacity 11818K, committed 11904K, reserved 1048576K
}
Event: 696.353 GC heap before
{Heap before GC invocations=120 (full 13):
 PSYoungGen      total 931840K, used 538837K [0x000000076ab00000, 0x00000007c0000000, 0x00000007c0000000)
  eden space 465920K, 100% used [0x000000076ab00000,0x0000000787200000,0x0000000787200000)
  from space 465920K, 15% used [0x00000007a3900000,0x00000007a8035508,0x00000007c0000000)
  to   space 465920K, 0% used [0x0000000787200000,0x0000000787200000,0x00000007a3900000)
 ParOldGen       total 1733120K, used 1208152K [0x00000006c0000000, 0x0000000729c80000, 0x000000076ab00000)
  object space 1733120K, 69% used [0x00000006c0000000,0x0000000709bd6188,0x0000000729c80000)
 Metaspace       used 86053K, capacity 91225K, committed 91520K, reserved 1128448K
  class space    used 10757K, capacity 11818K, committed 11904K, reserved 1048576K
Event: 696.448 GC heap after
Heap after GC invocations=120 (full 13):
 PSYoungGen      total 931840K, used 79090K [0x000000076ab00000, 0x00000007c0000000, 0x00000007c0000000)
  eden space 465920K, 0% used [0x000000076ab00000,0x000000076ab00000,0x0000000787200000)
  from space 465920K, 16% used [0x0000000787200000,0x000000078bf3ca08,0x00000007a3900000)
  to   space 465920K, 0% used [0x00000007a3900000,0x00000007a3900000,0x00000007c0000000)
 ParOldGen       total 1733120K, used 1278455K [0x00000006c0000000, 0x0000000729c80000, 0x000000076ab00000)
  object space 1733120K, 73% used [0x00000006c0000000,0x000000070e07dd80,0x0000000729c80000)
 Metaspace       used 86053K, capacity 91225K, committed 91520K, reserved 1128448K
  class space    used 10757K, capacity 11818K, committed 11904K, reserved 1048576K
}
Event: 697.059 GC heap before
{Heap before GC invocations=121 (full 13):
 PSYoungGen      total 931840K, used 545010K [0x000000076ab00000, 0x00000007c0000000, 0x00000007c0000000)
  eden space 465920K, 100% used [0x000000076ab00000,0x0000000787200000,0x0000000787200000)
  from space 465920K, 16% used [0x0000000787200000,0x000000078bf3ca08,0x00000007a3900000)
  to   space 465920K, 0% used [0x00000007a3900000,0x00000007a3900000,0x00000007c0000000)
 ParOldGen       total 1733120K, used 1278455K [0x00000006c0000000, 0x0000000729c80000, 0x000000076ab00000)
  object space 1733120K, 73% used [0x00000006c0000000,0x000000070e07dd80,0x0000000729c80000)
 Metaspace       used 86053K, capacity 91225K, committed 91520K, reserved 1128448K
  class space    used 10757K, capacity 11818K, committed 11904K, reserved 1048576K
Event: 697.167 GC heap after
Heap after GC invocations=121 (full 13):
 PSYoungGen      total 931840K, used 89816K [0x000000076ab00000, 0x00000007c0000000, 0x00000007c0000000)
  eden space 465920K, 0% used [0x000000076ab00000,0x000000076ab00000,0x0000000787200000)
  from space 465920K, 19% used [0x00000007a3900000,0x00000007a90b61c0,0x00000007c0000000)
  to   space 465920K, 0% used [0x0000000787200000,0x0000000787200000,0x00000007a3900000)
 ParOldGen       total 1733120K, used 1353292K [0x00000006c0000000, 0x0000000729c80000, 0x000000076ab00000)
  object space 1733120K, 78% used [0x00000006c0000000,0x0000000712993178,0x0000000729c80000)
 Metaspace       used 86053K, capacity 91225K, committed 91520K, reserved 1128448K
  class space    used 10757K, capacity 11818K, committed 11904K, reserved 1048576K
}
Event: 707.155 GC heap before
{Heap before GC invocations=122 (full 13):
 PSYoungGen      total 931840K, used 555736K [0x000000076ab00000, 0x00000007c0000000, 0x00000007c0000000)
  eden space 465920K, 100% used [0x000000076ab00000,0x0000000787200000,0x0000000787200000)
  from space 465920K, 19% used [0x00000007a3900000,0x00000007a90b61c0,0x00000007c0000000)
  to   space 465920K, 0% used [0x0000000787200000,0x0000000787200000,0x00000007a3900000)
 ParOldGen       total 1733120K, used 1353292K [0x00000006c0000000, 0x0000000729c80000, 0x000000076ab00000)
  object space 1733120K, 78% used [0x00000006c0000000,0x0000000712993178,0x0000000729c80000)
 Metaspace       used 86080K, capacity 91295K, committed 91520K, reserved 1128448K
  class space    used 10758K, capacity 11819K, committed 11904K, reserved 1048576K

Deoptimization events (10 events):
Event: 628.028 Thread 0x0000000020c5f800 Uncommon trap: reason=unstable_if action=reinterpret pc=0x0000000002aab15c method=java.util.concurrent.locks.LockSupport.unpark(Ljava/lang/Thread;)V @ 1
Event: 654.974 Thread 0x0000000025e14000 Uncommon trap: reason=class_check action=maybe_recompile pc=0x0000000003f86438 method=java.util.concurrent.ThreadPoolExecutor.getTask()Ljava/lang/Runnable; @ 139
Event: 655.721 Thread 0x0000000020c5f000 Uncommon trap: reason=class_check action=maybe_recompile pc=0x0000000004f94be0 method=com.android.dx.ssa.SsaMethod.deleteInsns(Ljava/util/Set;)V @ 115
Event: 696.687 Thread 0x0000000024976800 Uncommon trap: reason=unstable_if action=reinterpret pc=0x00000000066fdd90 method=java.util.concurrent.ThreadPoolExecutor$Worker.tryAcquire(I)Z @ 6
Event: 697.509 Thread 0x0000000020c62000 Uncommon trap: reason=speculate_class_check action=maybe_recompile pc=0x00000000033d8af4 method=com.android.dx.dex.file.OffsettedItem.place(Lcom/android/dx/dex/file/Section;I)I @ 73
Event: 697.509 Thread 0x0000000020c62000 Uncommon trap: reason=bimorphic action=maybe_recompile pc=0x0000000005ac3768 method=com.android.dx.dex.file.UniformItemSection.writeTo0(Lcom/android/dx/util/AnnotatedOutput;)V @ 14
Event: 697.762 Thread 0x000000002c1f6000 Uncommon trap: reason=speculate_class_check action=maybe_recompile pc=0x00000000033d8af4 method=com.android.dx.dex.file.OffsettedItem.place(Lcom/android/dx/dex/file/Section;I)I @ 73
Event: 697.763 Thread 0x000000002c1f6000 Uncommon trap: reason=bimorphic action=maybe_recompile pc=0x0000000005ac3768 method=com.android.dx.dex.file.UniformItemSection.writeTo0(Lcom/android/dx/util/AnnotatedOutput;)V @ 14
Event: 697.877 Thread 0x000000002c1f6000 Uncommon trap: reason=class_check action=maybe_recompile pc=0x0000000005b6ddcc method=com.android.dx.dex.code.ArrayData.writeTo(Lcom/android/dx/util/AnnotatedOutput;)V @ 234
Event: 698.254 Thread 0x000000002c1f6000 Uncommon trap: reason=class_check action=maybe_recompile pc=0x0000000005b6ddcc method=com.android.dx.dex.code.ArrayData.writeTo(Lcom/android/dx/util/AnnotatedOutput;)V @ 234

Classes redefined (0 events):
No events

Internal exceptions (10 events):
Event: 561.662 Thread 0x0000000025e19800 Exception <a 'sun/nio/fs/WindowsException'> (0x0000000784547ca0) thrown at [D:\src\AOSP-openjdk-cygwin\jdk8u\hotspot\src\share\vm\prims\jni.cpp, line 709]
Event: 561.663 Thread 0x0000000025e19800 Exception <a 'sun/nio/fs/WindowsException'> (0x000000078454a7d0) thrown at [D:\src\AOSP-openjdk-cygwin\jdk8u\hotspot\src\share\vm\prims\jni.cpp, line 709]
Event: 561.663 Thread 0x0000000025e19800 Exception <a 'sun/nio/fs/WindowsException'> (0x000000078454b1d0) thrown at [D:\src\AOSP-openjdk-cygwin\jdk8u\hotspot\src\share\vm\prims\jni.cpp, line 709]
Event: 561.663 Thread 0x0000000025e19800 Exception <a 'sun/nio/fs/WindowsException'> (0x000000078454ced8) thrown at [D:\src\AOSP-openjdk-cygwin\jdk8u\hotspot\src\share\vm\prims\jni.cpp, line 709]
Event: 561.663 Thread 0x0000000025e19800 Exception <a 'sun/nio/fs/WindowsException'> (0x000000078454d8f8) thrown at [D:\src\AOSP-openjdk-cygwin\jdk8u\hotspot\src\share\vm\prims\jni.cpp, line 709]
Event: 561.704 Thread 0x0000000025e19800 Exception <a 'sun/nio/fs/WindowsException'> (0x0000000784550498) thrown at [D:\src\AOSP-openjdk-cygwin\jdk8u\hotspot\src\share\vm\prims\jni.cpp, line 709]
Event: 561.704 Thread 0x0000000025e19800 Exception <a 'sun/nio/fs/WindowsException'> (0x0000000784550d98) thrown at [D:\src\AOSP-openjdk-cygwin\jdk8u\hotspot\src\share\vm\prims\jni.cpp, line 709]
Event: 561.704 Thread 0x0000000025e19800 Exception <a 'sun/nio/fs/WindowsException'> (0x0000000784552820) thrown at [D:\src\AOSP-openjdk-cygwin\jdk8u\hotspot\src\share\vm\prims\jni.cpp, line 709]
Event: 561.704 Thread 0x0000000025e19800 Exception <a 'sun/nio/fs/WindowsException'> (0x0000000784553140) thrown at [D:\src\AOSP-openjdk-cygwin\jdk8u\hotspot\src\share\vm\prims\jni.cpp, line 709]
Event: 571.408 Thread 0x000000002c1f6000 Exception <a 'java/lang/InterruptedException'> (0x0000000776309708) thrown at [D:\src\AOSP-openjdk-cygwin\jdk8u\hotspot\src\share\vm\runtime\objectMonitor.cpp, line 1684]

Events (10 events):
Event: 698.254 Thread 0x000000002c1f6000 DEOPT PACKING pc=0x0000000005b6ddcc sp=0x000000003126eba0
Event: 698.254 Thread 0x000000002c1f6000 DEOPT UNPACKING pc=0x000000000295556a sp=0x000000003126eb80 mode 2
Event: 698.343 Executing VM operation: RevokeBias
Event: 698.378 Executing VM operation: RevokeBias done
Event: 698.378 Thread 0x000000002c1f6000 Thread exited: 0x000000002c1f6000
Event: 698.391 Executing VM operation: RevokeBias
Event: 698.391 Executing VM operation: RevokeBias done
Event: 706.356 Thread 0x0000000025e19800 DEOPT PACKING pc=0x00000000064798b6 sp=0x0000000028aea1d0
Event: 706.356 Thread 0x0000000025e19800 DEOPT UNPACKING pc=0x00000000029575bf sp=0x0000000028ae9fd8 mode 0
Event: 707.155 Executing VM operation: ParallelGCFailedAllocation


Dynamic libraries:
0x000000013f3e0000 - 0x000000013f411000 	D:\studioDevelopTools3.0\jre\bin\java.exe
0x00000000775e0000 - 0x0000000077789000 	C:\Windows\SYSTEM32\ntdll.dll
0x0000000077380000 - 0x000000007749f000 	C:\Windows\system32\kernel32.dll
0x000007fefd5d0000 - 0x000007fefd63b000 	C:\Windows\system32\KERNELBASE.dll
0x000007feff230000 - 0x000007feff30b000 	C:\Windows\system32\ADVAPI32.dll
0x000007fefda10000 - 0x000007fefdaaf000 	C:\Windows\system32\msvcrt.dll
0x000007fefdee0000 - 0x000007fefdeff000 	C:\Windows\SYSTEM32\sechost.dll
0x000007fefdb30000 - 0x000007fefdc5d000 	C:\Windows\system32\RPCRT4.dll
0x0000000077280000 - 0x000000007737a000 	C:\Windows\system32\USER32.dll
0x000007fefdcf0000 - 0x000007fefdd57000 	C:\Windows\system32\GDI32.dll
0x000007feff340000 - 0x000007feff34e000 	C:\Windows\system32\LPK.dll
0x000007feff600000 - 0x000007feff6c9000 	C:\Windows\system32\USP10.dll
0x000007fefb980000 - 0x000007fefbb74000 	C:\Windows\WinSxS\amd64_microsoft.windows.common-controls_6595b64144ccf1df_6.0.7601.17514_none_fa396087175ac9ac\COMCTL32.dll
0x000007fefee70000 - 0x000007fefeee1000 	C:\Windows\system32\SHLWAPI.dll
0x000007feff310000 - 0x000007feff33e000 	C:\Windows\system32\IMM32.DLL
0x000007fefeef0000 - 0x000007fefeff9000 	C:\Windows\system32\MSCTF.dll
0x0000000064f00000 - 0x0000000064fd2000 	D:\studioDevelopTools3.0\jre\jre\bin\msvcr100.dll
0x000000005eb80000 - 0x000000005f3be000 	D:\studioDevelopTools3.0\jre\jre\bin\server\jvm.dll
0x000007fef0280000 - 0x000007fef0289000 	C:\Windows\system32\WSOCK32.dll
0x000007feff350000 - 0x000007feff39d000 	C:\Windows\system32\WS2_32.dll
0x000007fefda00000 - 0x000007fefda08000 	C:\Windows\system32\NSI.dll
0x000007fefd530000 - 0x000007fefd56b000 	C:\Windows\system32\WINMM.dll
0x000007fefc410000 - 0x000007fefc41c000 	C:\Windows\system32\VERSION.dll
0x00000000777b0000 - 0x00000000777b7000 	C:\Windows\system32\PSAPI.DLL
0x000007fefb3f0000 - 0x000007fefb3ff000 	D:\studioDevelopTools3.0\jre\jre\bin\verify.dll
0x000007fef5050000 - 0x000007fef5079000 	D:\studioDevelopTools3.0\jre\jre\bin\java.dll
0x000007fef81c0000 - 0x000007fef81d6000 	D:\studioDevelopTools3.0\jre\jre\bin\zip.dll
0x000007fefe0e0000 - 0x000007fefee68000 	C:\Windows\system32\SHELL32.dll
0x000007fefd7f0000 - 0x000007fefd9f3000 	C:\Windows\system32\ole32.dll
0x000007fefd300000 - 0x000007fefd30f000 	C:\Windows\system32\profapi.dll
0x000007fef56a0000 - 0x000007fef56ba000 	D:\studioDevelopTools3.0\jre\jre\bin\net.dll
0x000007fefcb40000 - 0x000007fefcb95000 	C:\Windows\system32\mswsock.dll
0x000007fefcb30000 - 0x000007fefcb37000 	C:\Windows\System32\wship6.dll
0x000007fef4fb0000 - 0x000007fef4fc1000 	D:\studioDevelopTools3.0\jre\jre\bin\nio.dll
0x000007fef3760000 - 0x000007fef377e000 	C:\Users\Administrator\.gradle\native\25\windows-amd64\native-platform.dll
0x000007fef5570000 - 0x000007fef557d000 	D:\studioDevelopTools3.0\jre\jre\bin\management.dll
0x000007fefcba0000 - 0x000007fefcbb7000 	C:\Windows\system32\CRYPTSP.dll
0x000007fefc8a0000 - 0x000007fefc8e7000 	C:\Windows\system32\rsaenh.dll
0x000007fefc620000 - 0x000007fefc63e000 	C:\Windows\system32\USERENV.dll
0x000007fefd230000 - 0x000007fefd23f000 	C:\Windows\system32\CRYPTBASE.dll
0x000007fefaa60000 - 0x000007fefaa87000 	C:\Windows\system32\IPHLPAPI.DLL
0x000007fefaa50000 - 0x000007fefaa5b000 	C:\Windows\system32\WINNSI.DLL
0x000007fef9cd0000 - 0x000007fef9ce8000 	C:\Windows\system32\dhcpcsvc.DLL
0x000007fef9cb0000 - 0x000007fef9cc1000 	C:\Windows\system32\dhcpcsvc6.DLL
0x000007fefd1d0000 - 0x000007fefd227000 	C:\Windows\system32\apphelp.dll
0x000007fef4bc0000 - 0x000007fef4bde000 	C:\Users\Administrator\AppData\Local\Temp\native-platform1262091952344761878dir\native-platform.dll
0x000007fef3a50000 - 0x000007fef3a74000 	D:\studioDevelopTools3.0\jre\jre\bin\sunec.dll
0x000007fef4a20000 - 0x000007fef4a2b000 	D:\studioDevelopTools3.0\jre\jre\bin\sunmscapi.dll
0x000007fefd3b0000 - 0x000007fefd517000 	C:\Windows\system32\CRYPT32.dll
0x000007fefd3a0000 - 0x000007fefd3af000 	C:\Windows\system32\MSASN1.dll
0x000007feede50000 - 0x000007feedf75000 	C:\Windows\system32\dbghelp.dll

VM Arguments:
jvm_args: -XX:MaxPermSize=4096m -XX:+HeapDumpOnOutOfMemoryError -Xmx4096m -Dfile.encoding=GBK -Duser.country=CN -Duser.language=zh -Duser.variant 
java_command: org.gradle.launcher.daemon.bootstrap.GradleDaemon 4.1
java_class_path (initial): C:\Users\Administrator\.gradle\wrapper\dists\gradle-4.1-all\bzyivzo6n839fup2jbap0tjew\gradle-4.1\lib\gradle-launcher-4.1.jar
Launcher Type: SUN_STANDARD

Environment Variables:
PATH=C:\Windows\system32;C:\Windows;C:\Windows\System32\Wbem;C:\Windows\System32\WindowsPowerShell\v1.0\;C:\Program Files\Java\jdk1.7.0_79\bin;C:\Program Files\Git\cmd;D:\AndroidDevelopSdk\platform-tools;C:\Program Files\Java\jdk1.7.0_79\bin;C:\Program Files\Java\jdk1.7.0_79\jre\bin
USERNAME=Administrator
OS=Windows_NT
PROCESSOR_IDENTIFIER=Intel64 Family 6 Model 60 Stepping 3, GenuineIntel



---------------  S Y S T E M  ---------------

OS: Windows 7 , 64 bit Build 7601 (6.1.7601.17514)

CPU:total 8 (initial active 8) (4 cores per cpu, 2 threads per core) family 6 model 60 stepping 3, cmov, cx8, fxsr, mmx, sse, sse2, sse3, ssse3, sse4.1, sse4.2, popcnt, avx, avx2, aes, clmul, erms, lzcnt, ht, tsc, tscinvbit, bmi1, bmi2

Memory: 4k page, physical 8102512k(1113600k free), swap 16203180k(5302012k free)

vm_info: OpenJDK 64-Bit Server VM (25.152-b01) for windows-amd64 JRE (1.8.0_152-release-915-b01), built by "builder" with MS VC++ 10.0 (VS2010)

time: Sun Aug 19 20:08:21 2018
elapsed time: 713 seconds (0d 0h 11m 53s)

