Debug--->b9d30681c691ff4faa749e59591b41ea--->1.3.0--->5--->2018-09-08 13:18:48.097
Debug--->39949b4df016e0d81f052ef28f658e5a--->1.4.0--->6--->2018-10-08 12:48:09.83
Debug--->010ee8265d6a5b176d9776abc5f3d73a--->1.5--->8--->2018-11-01 09:12:50.17
Debug--->7441eedb0e5e0481a7227c83213e011e--->1.5--->8--->2018-11-05 22:55:09.069
Debug--->54f4f113d2ec1026b7d8d721f2784629--->1.5--->8--->2018-11-06 11:10:08.043
Debug--->1a7d878ac87f05daf7c9e4ca4b30e4f6--->1.5--->8--->2018-11-06 11:32:27.104
Debug--->218a4001754428ec85b37c0e958b71e4--->1.5--->8--->2018-11-13 09:47:38.463
Debug--->454dd75ce39cb02fc837c01b0ce92a08--->1.5--->8--->2018-11-13 12:39:23.635
Debug--->4da9cdfb6ef9650d563f0ec2d712f41e--->1.5--->8--->2018-11-13 21:35:14.35
Release--->bbb20a1e675a61428c27f6ce84d7eb59--->1.5--->8--->2018-11-14 18:43:25.883
Debug--->266914ff03ff6eb4dbf08131a788f62c--->1.5--->8--->2018-11-16 22:44:41.696
Release--->6bcb3b1dda718fe2b977519504f3d39b--->1.5--->8--->2018-11-17 10:57:51.733
Release--->6ae8ce418462c9a77faff511ff2f6374--->1.5.2--->9--->2018-11-17 12:06:40.356
Release--->c0b484d76fd055b8a61f5b666118b3fe--->1.5.3--->10--->2018-11-20 14:03:09.127
Debug--->bcae4b334f94e898a439d975cc2d60df--->1.5.2--->9--->2018-11-20 14:31:28.605
Debug--->699db3a27cf0263308c55968d4b02f71--->1.5.2--->9--->2018-11-20 15:03:02.813
Debug--->86f8f55de4fcc4221ab74fd4277b8f25--->1.5.2--->9--->2018-11-20 15:19:41.12
Debug--->0de9417d9b03e08fc842e9e9d7c8f2fb--->1.5.2--->9--->2018-11-20 15:39:41.417
Debug--->c01f5b61fc475ba9f243b6b5a902e6d5--->1.5.2--->9--->2018-11-20 15:53:25.113
Debug--->f4cbefc13a5e7b897082b2c4c7c7c490--->1.5.2--->9--->2018-11-20 23:04:17.667
Debug--->b71cd66583387c48c09edacca3990e03--->1.5.2--->9--->2018-11-20 23:07:27.977
Debug--->b6eefb7a92e72bf72566835a35400043--->1.5.2--->9--->2018-11-22 21:05:07.147
Debug--->42c4fc34db9a665376c5cbbbf0de8c54--->1.5.2--->9--->2018-11-22 21:08:42.886
Debug--->9b749f488082600a2e2fc79ec3f90bff--->1.5.3--->10--->2018-11-26 13:38:59.2
Debug--->22f30b67e840b5542907fdf75814c7af--->1.5.2--->9--->2018-11-26 22:52:53.017
Debug--->22f30b67e840b5542907fdf75814c7af--->1.6.0--->10--->2018-11-26 22:56:48.184
Debug--->64c1a1b4480bebc7361f677979ff4028--->1.6.0--->10--->2018-11-27 18:28:19.27
Debug--->d97f1483161f87fbe853a0dadf150111--->1.6.0--->10--->2018-11-29 09:29:57.185
Debug--->c7051a2e14a50ce4905f4f0b29d313bb--->1.6.0--->10--->2018-11-29 23:03:17.512
Debug--->5450ae8b5383972f77774c6c985820aa--->1.6.0--->10--->2018-11-30 09:09:09.965
Debug--->c1cf6db4a64bbd2ac234786706dc9dfd--->1.6.0--->10--->2018-11-30 13:48:10.102
Debug--->ab44e6c6385935a9424c2affe6b7e658--->1.6.0--->10--->2018-11-30 15:30:34.82
Debug--->ce99a8f05d1bd1cde6183faba52cfbe1--->1.6.0--->10--->2018-11-30 22:00:57.617
Debug--->2a47c138845fff1c9f4632edee63ff49--->1.6.0--->10--->2018-11-30 22:47:13.693
Debug--->039c8b4e47986a9ab70f2de226fbe881--->1.6.0--->10--->2018-11-30 22:49:53.029
Debug--->81f74d3d96eba0c315bd38542589e388--->1.6.0--->10--->2018-11-30 23:02:07.906
Debug--->d8365c4b896d7187b6ac56bd667a0673--->1.6.0--->10--->2018-12-01 11:30:08.451
Debug--->4eb9257d5fa92c36d0c749a19efd4008--->1.6.1--->11--->2018-12-01 11:48:42.001
<<<<<<< Updated upstream
=======
Debug--->04e5b8f5f9fddfa4ba34d4622a7bdc04--->1.6.1--->11--->2018-12-01 14:26:41.254
Release--->316cc323a346db692e07c2d12e23a4b0--->1.5.3--->10--->2018-12-01 19:08:05.814
>>>>>>> Stashed changes
Debug--->7181ecb6e571cdfd22482de90a331078--->1.6.1--->11--->2018-12-02 10:30:16.242
